<?xml version="1.0" encoding="UTF-8"?>
<testsuites>
  <testsuite id="0" name="C:\Users\herna\Desktop\leanTech\react--date-api-bii1so1qbo7\src\tests\App.test.js" errors="0" package="C:\Users\herna\Desktop\leanTech\react--date-api-bii1so1qbo7\src\tests\App.test.js" hostname="localhost" tests="3" failures="1" time="3.078" timestamp="2019-11-05T17:26:59">
    <properties>
    </properties>
    <testcase classname="DateAPI &lt;App /&gt;" name="complete app renders without crashing" time="0">
    </testcase>
    <testcase classname="DateAPI &lt;App /&gt;" name="check if service is used to fetch data from the API" time="0">
    </testcase>
    <testcase classname="DateAPI &lt;App /&gt;" name="check if button click splits and displays the date" time="0">
      <failure message="Error: [2mexpect([22m[31mreceived[39m[2m).toEqual([22m[32mexpected[39m[2m)[22m

Expected value to equal:
  [32m&quot;Date APIDisplay DateDay: 10Month: 9Year: 2011&quot;[39m
Received:
  [31m&quot;Date APIDisplay DateDay: 10Month: 09Year: 2011&quot;[39m
    at Object.toEqual (C:\Users\herna\Desktop\leanTech\react--date-api-bii1so1qbo7\src\tests\App.test.js:38:28)
    at processTicksAndRejections (internal/process/task_queues.js:93:5)" type="AssertionError">
      </failure>
    </testcase>
    <system-out/>
    <system-err/>
  </testsuite>
</testsuites>